# JRE version: OpenJDK Runtime Environment (17.0.11) (build 17.0.11+0--11852314)
# Java VM: OpenJDK 64-Bit Server VM (17.0.11+0--11852314, mixed mode, tiered, compressed oops, compressed class ptrs, g1 gc, windows-amd64)
GC Precious Log:
 CPUs: 12 total, 12 available
 Memory: 16201M
 Large Page Support: Disabled
 NUMA Support: Disabled
 Compressed Oops: Enabled (32-bit)
 Heap Region Size: 1M
 Heap Min Capacity: 8M
 Heap Initial Capacity: 254M
 Heap Max Capacity: 2G
 Pre-touch: Disabled
 Parallel Workers: 10
 Concurrent Workers: 3
 Concurrent Refinement Workers: 10
 Periodic GC: Disabled
Heap:
 garbage-first heap   total 171008K, used 101749K [0x0000000080000000, 0x0000000100000000)
  region size 1024K, 1 young (1024K), 1 survivors (1024K)
 Metaspace       used 80262K, committed 81024K, reserved 1179648K
  class space    used 11301K, committed 11648K, reserved 1048576K
GC Heap History (20 events):
Event: 9.133 GC heap after
{Heap after GC invocations=38 (full 0):
 garbage-first heap   total 137216K, used 80135K [0x0000000080000000, 0x0000000100000000)
  region size 1024K, 4 young (4096K), 4 survivors (4096K)
 Metaspace       used 62382K, committed 63040K, reserved 1114112K
  class space    used 8517K, committed 8832K, reserved 1048576K
}
Event: 9.156 GC heap before
{Heap before GC invocations=38 (full 0):
 garbage-first heap   total 137216K, used 82183K [0x0000000080000000, 0x0000000100000000)
  region size 1024K, 6 young (6144K), 4 survivors (4096K)
 Metaspace       used 62394K, committed 63040K, reserved 1114112K
  class space    used 8517K, committed 8832K, reserved 1048576K
}
Event: 9.159 GC heap after
{Heap after GC invocations=39 (full 0):
 garbage-first heap   total 137216K, used 80620K [0x0000000080000000, 0x0000000100000000)
  region size 1024K, 1 young (1024K), 1 survivors (1024K)
 Metaspace       used 62394K, committed 63040K, reserved 1114112K
  class space    used 8517K, committed 8832K, reserved 1048576K
}
Event: 9.493 GC heap before
{Heap before GC invocations=39 (full 0):
 garbage-first heap   total 137216K, used 108268K [0x0000000080000000, 0x0000000100000000)
  region size 1024K, 28 young (28672K), 1 survivors (1024K)
 Metaspace       used 67014K, committed 67648K, reserved 1114112K
  class space    used 9576K, committed 9856K, reserved 1048576K
}
Event: 9.494 GC heap after
{Heap after GC invocations=40 (full 0):
 garbage-first heap   total 137216K, used 81081K [0x0000000080000000, 0x0000000100000000)
  region size 1024K, 2 young (2048K), 2 survivors (2048K)
 Metaspace       used 67014K, committed 67648K, reserved 1114112K
  class space    used 9576K, committed 9856K, reserved 1048576K
}
Event: 10.031 GC heap before
{Heap before GC invocations=41 (full 0):
 garbage-first heap   total 142336K, used 109753K [0x0000000080000000, 0x0000000100000000)
  region size 1024K, 30 young (30720K), 2 survivors (2048K)
 Metaspace       used 70093K, committed 70720K, reserved 1114112K
  class space    used 10009K, committed 10304K, reserved 1048576K
}
Event: 10.032 GC heap after
{Heap after GC invocations=42 (full 0):
 garbage-first heap   total 142336K, used 81612K [0x0000000080000000, 0x0000000100000000)
  region size 1024K, 2 young (2048K), 2 survivors (2048K)
 Metaspace       used 70093K, committed 70720K, reserved 1114112K
  class space    used 10009K, committed 10304K, reserved 1048576K
}
Event: 10.125 GC heap before
{Heap before GC invocations=42 (full 0):
 garbage-first heap   total 142336K, used 85708K [0x0000000080000000, 0x0000000100000000)
  region size 1024K, 6 young (6144K), 2 survivors (2048K)
 Metaspace       used 70601K, committed 71232K, reserved 1114112K
  class space    used 10083K, committed 10368K, reserved 1048576K
}
Event: 10.127 GC heap after
{Heap after GC invocations=43 (full 0):
 garbage-first heap   total 142336K, used 81311K [0x0000000080000000, 0x0000000100000000)
  region size 1024K, 1 young (1024K), 1 survivors (1024K)
 Metaspace       used 70601K, committed 71232K, reserved 1114112K
  class space    used 10083K, committed 10368K, reserved 1048576K
}
Event: 11.367 GC heap before
{Heap before GC invocations=43 (full 0):
 garbage-first heap   total 142336K, used 116127K [0x0000000080000000, 0x0000000100000000)
  region size 1024K, 35 young (35840K), 1 survivors (1024K)
 Metaspace       used 75506K, committed 76160K, reserved 1114112K
  class space    used 10685K, committed 10944K, reserved 1048576K
}
Event: 11.368 GC heap after
{Heap after GC invocations=44 (full 0):
 garbage-first heap   total 142336K, used 81930K [0x0000000080000000, 0x0000000100000000)
  region size 1024K, 1 young (1024K), 1 survivors (1024K)
 Metaspace       used 75506K, committed 76160K, reserved 1114112K
  class space    used 10685K, committed 10944K, reserved 1048576K
}
Event: 12.014 GC heap before
{Heap before GC invocations=45 (full 0):
 garbage-first heap   total 142336K, used 124938K [0x0000000080000000, 0x0000000100000000)
  region size 1024K, 36 young (36864K), 1 survivors (1024K)
 Metaspace       used 80124K, committed 80896K, reserved 1179648K
  class space    used 11295K, committed 11648K, reserved 1048576K
}
Event: 12.016 GC heap after
{Heap after GC invocations=46 (full 0):
 garbage-first heap   total 142336K, used 91452K [0x0000000080000000, 0x0000000100000000)
  region size 1024K, 4 young (4096K), 4 survivors (4096K)
 Metaspace       used 80124K, committed 80896K, reserved 1179648K
  class space    used 11295K, committed 11648K, reserved 1048576K
}
Event: 12.031 GC heap before
{Heap before GC invocations=46 (full 0):
 garbage-first heap   total 142336K, used 93500K [0x0000000080000000, 0x0000000100000000)
  region size 1024K, 6 young (6144K), 4 survivors (4096K)
 Metaspace       used 80124K, committed 80896K, reserved 1179648K
  class space    used 11295K, committed 11648K, reserved 1048576K
}
Event: 12.035 GC heap after
{Heap after GC invocations=47 (full 0):
 garbage-first heap   total 142336K, used 91874K [0x0000000080000000, 0x0000000100000000)
  region size 1024K, 1 young (1024K), 1 survivors (1024K)
 Metaspace       used 80124K, committed 80896K, reserved 1179648K
  class space    used 11295K, committed 11648K, reserved 1048576K
}
Event: 12.252 GC heap before
{Heap before GC invocations=47 (full 0):
 garbage-first heap   total 142336K, used 121570K [0x0000000080000000, 0x0000000100000000)
  region size 1024K, 29 young (29696K), 1 survivors (1024K)
 Metaspace       used 80253K, committed 81024K, reserved 1179648K
  class space    used 11300K, committed 11648K, reserved 1048576K
}
Event: 12.262 GC heap after
{Heap after GC invocations=48 (full 0):
 garbage-first heap   total 142336K, used 95685K [0x0000000080000000, 0x0000000100000000)
  region size 1024K, 4 young (4096K), 4 survivors (4096K)
 Metaspace       used 80253K, committed 81024K, reserved 1179648K
  class space    used 11300K, committed 11648K, reserved 1048576K
}
Event: 12.434 GC heap before
{Heap before GC invocations=49 (full 0):
 garbage-first heap   total 171008K, used 119237K [0x0000000080000000, 0x0000000100000000)
  region size 1024K, 23 young (23552K), 4 survivors (4096K)
 Metaspace       used 80262K, committed 81024K, reserved 1179648K
  class space    used 11301K, committed 11648K, reserved 1048576K
}
Event: 12.442 GC heap after
{Heap after GC invocations=50 (full 0):
 garbage-first heap   total 171008K, used 103734K [0x0000000080000000, 0x0000000100000000)
  region size 1024K, 3 young (3072K), 3 survivors (3072K)
 Metaspace       used 80262K, committed 81024K, reserved 1179648K
  class space    used 11301K, committed 11648K, reserved 1048576K
}
Event: 12.488 GC heap before
{Heap before GC invocations=50 (full 0):
 garbage-first heap   total 171008K, used 107830K [0x0000000080000000, 0x0000000100000000)
  region size 1024K, 8 young (8192K), 3 survivors (3072K)
 Metaspace       used 80262K, committed 81024K, reserved 1179648K
  class space    used 11301K, committed 11648K, reserved 1048576K
}

